#
# A fatal error has been detected by the Java Runtime Environment:
#
#  EXCEPTION_ACCESS_VIOLATION (0xc0000005) at pc=0x00000000029a8030, pid=11812, tid=0x0000000000002f04
#
# JRE version: OpenJDK Runtime Environment (8.0_76-b03) (build 1.8.0_76-release-b03)
# Java VM: OpenJDK 64-Bit Server VM (25.76-b03 mixed mode windows-amd64 compressed oops)
# Problematic frame:
# 
[error occurred during error reporting (printing problematic frame), id 0xc0000005]

# Failed to write core dump. Minidumps are not enabled by default on client versions of Windows
#
# If you would like to submit a bug report, please visit:
#   http://bugreport.java.com/bugreport/crash.jsp
#

---------------  T H R E A D  ---------------

Current thread (0x000000005ad82800):  JavaThread "Daemon worker" [_thread_in_Java, id=12036, stack(0x000000005bbd0000,0x000000005bcd0000)]

siginfo: ExceptionCode=0xc0000005, reading address 0x000000005bcfc3a0

Registers:
RAX=0x00000000617a8850, RBX=0x0000000000000021, RCX=0x0000000000000190, RDX=0x0084000200000000
RSP=0x000000005bca6f38, RBP=0x000000005bca6f78, RSI=0x0000000016542f30, RDI=0x0000000000000001
R8 =0x00000000a01c9450, R9 =0x00000000a010a6a0, R10=0x000000006c32a410, R11=0x000000000332e5f0
R12=0x0000000000000000, R13=0x000000005fe0ba80, R14=0x000000005bcfc3c0, R15=0x000000005ad82800
RIP=0x00000000029a8030, EFLAGS=0x0000000000010212

Top of Stack: (sp=0x000000005bca6f38)
0x000000005bca6f38:   000000005bca6f38 000000005fe0ba78
0x000000005bca6f48:   000000005bcfc3c0 0084000200000000
0x000000005bca6f58:   0000000000000000 000000005fe0bb70
0x000000005bca6f68:   0000000000000000 000000005bccc4c8
0x000000005bca6f78:   000000005bccc548 0000000002997a01
0x000000005bca6f88:   0000000000000000 0000000000000000
0x000000005bca6f98:   0000000000000000 0000000000000000
0x000000005bca6fa8:   0000000000000000 0000000000000000
0x000000005bca6fb8:   0000000000000000 0000000000000000
0x000000005bca6fc8:   0000000000000000 0000000000000000
0x000000005bca6fd8:   0000000000000000 0000000000000000
0x000000005bca6fe8:   0000000000000000 0000000000000000
0x000000005bca6ff8:   0000000000000000 0000000000000000
0x000000005bca7008:   0000000000000000 0000000000000000
0x000000005bca7018:   0000000000000000 0000000000000000
0x000000005bca7028:   0000000000000000 0000000000000000 

Instructions: (pc=0x00000000029a8030)
0x00000000029a8010:   1c 00 00 00 48 83 ec 10 c5 fb 11 04 24 e9 0e 00
0x00000000029a8020:   00 00 48 83 ec 10 48 89 04 24 e9 01 00 00 00 50
0x00000000029a8030:   49 8b 46 e0 41 0f b6 5d 01 49 ff c5 49 ba 10 84
0x00000000029a8040:   32 6c 00 00 00 00 41 ff 24 da 66 0f 1f 44 00 00 


Register to memory mapping:

RAX=0x00000000617a8850 is pointing into metadata
RBX=0x0000000000000021 is an unknown value
RCX=0x0000000000000190 is an unknown value
RDX=0x0084000200000000 is an unknown value
RSP=0x000000005bca6f38 is pointing into the stack for thread: 0x000000005ad82800
RBP=0x000000005bca6f78 is pointing into the stack for thread: 0x000000005ad82800
RSI=0x0000000016542f30 is pointing into metadata
RDI=0x0000000000000001 is an unknown value
R8 =0x00000000a01c9450 is an oop
java.lang.String 
 - klass: 'java/lang/String'
R9 =0x00000000a010a6a0 is an oop
java.lang.String 
 - klass: 'java/lang/String'
R10=0x000000006c32a410 is an unknown value
R11=0x000000000332e5f0 is at entry_point+16 in (nmethod*)0x000000000332e450
R12=0x0000000000000000 is an unknown value
R13=0x000000005fe0ba80 is pointing into metadata
R14=0x000000005bcfc3c0 is an unknown value
R15=0x000000005ad82800 is a thread


Stack: [0x000000005bbd0000,0x000000005bcd0000],  sp=0x000000005bca6f38,  free space=859k
Native frames: (J=compiled Java code, j=interpreted, Vv=VM code, C=native code)
C  0x00000000029a8030


---------------  P R O C E S S  ---------------

Java Threads: ( => current thread )
  0x000000005f6db800 JavaThread "Stdin handler" [_thread_blocked, id=1080, stack(0x0000000063a70000,0x0000000063b70000)]
  0x000000005f6db000 JavaThread "Asynchronous log dispatcher for org.gradle.launcher.daemon.server.DefaultDaemonConnection@51c0bf14" [_thread_blocked, id=4196, stack(0x00000000615e0000,0x00000000616e0000)]
  0x000000005f6da000 JavaThread "Cancel handler" [_thread_blocked, id=11736, stack(0x0000000061280000,0x0000000061380000)]
  0x000000005f6d9800 JavaThread "Handler for socket connection from /127.0.0.1:63446 to /127.0.0.1:63467" [_thread_in_native, id=5408, stack(0x000000005bd50000,0x000000005be50000)]
  0x000000005b36d000 JavaThread "File lock request listener" [_thread_in_native, id=5864, stack(0x000000005d880000,0x000000005d980000)]
=>0x000000005ad82800 JavaThread "Daemon worker" [_thread_in_Java, id=12036, stack(0x000000005bbd0000,0x000000005bcd0000)]
  0x000000005ad29000 JavaThread "Daemon" [_thread_blocked, id=4756, stack(0x000000005ba30000,0x000000005bb30000)]
  0x000000005ab0d800 JavaThread "pool-1-thread-1" [_thread_blocked, id=4472, stack(0x000000005b570000,0x000000005b670000)]
  0x000000005ab82800 JavaThread "Incoming local TCP Connector on port 63446" [_thread_in_native, id=10640, stack(0x000000005b690000,0x000000005b790000)]
  0x0000000057c06000 JavaThread "Service Thread" daemon [_thread_blocked, id=11336, stack(0x00000000597a0000,0x00000000598a0000)]
  0x0000000056bde000 JavaThread "C1 CompilerThread3" daemon [_thread_blocked, id=5780, stack(0x00000000592b0000,0x00000000593b0000)]
  0x0000000056bdd000 JavaThread "C2 CompilerThread2" daemon [_thread_blocked, id=4960, stack(0x00000000595e0000,0x00000000596e0000)]
  0x0000000056bda000 JavaThread "C2 CompilerThread1" daemon [_thread_blocked, id=10752, stack(0x0000000059420000,0x0000000059520000)]
  0x0000000057b74000 JavaThread "C2 CompilerThread0" daemon [_thread_blocked, id=1772, stack(0x0000000058ae0000,0x0000000058be0000)]
  0x0000000057b72000 JavaThread "Attach Listener" daemon [_thread_blocked, id=11120, stack(0x0000000059170000,0x0000000059270000)]
  0x0000000057b71800 JavaThread "Signal Dispatcher" daemon [_thread_blocked, id=4664, stack(0x0000000059020000,0x0000000059120000)]
  0x0000000056bce800 JavaThread "Finalizer" daemon [_thread_blocked, id=8568, stack(0x0000000058f00000,0x0000000059000000)]
  0x0000000056bc7800 JavaThread "Reference Handler" daemon [_thread_blocked, id=3032, stack(0x0000000058d30000,0x0000000058e30000)]
  0x000000000252e800 JavaThread "main" [_thread_blocked, id=11284, stack(0x0000000002890000,0x0000000002990000)]

Other Threads:
  0x0000000056bbf000 VMThread [stack: 0x0000000058c20000,0x0000000058d20000] [id=10560]
  0x0000000057bcb800 WatcherThread [stack: 0x0000000059a30000,0x0000000059b30000] [id=4100]

VM state:not at safepoint (normal execution)

VM Mutex/Monitor currently owned by a thread: None

Heap:
 PSYoungGen      total 482816K, used 45129K [0x00000000e0000000, 0x0000000100000000, 0x0000000100000000)
  eden space 444416K, 10% used [0x00000000e0000000,0x00000000e2c12548,0x00000000fb200000)
  from space 38400K, 0% used [0x00000000fda80000,0x00000000fda80000,0x0000000100000000)
  to   space 39936K, 0% used [0x00000000fb200000,0x00000000fb200000,0x00000000fd900000)
 ParOldGen       total 303616K, used 43190K [0x00000000a0000000, 0x00000000b2880000, 0x00000000e0000000)
  object space 303616K, 14% used [0x00000000a0000000,0x00000000a2a2d810,0x00000000b2880000)
 Metaspace       used 57554K, capacity 59637K, committed 59800K, reserved 1101824K
  class space    used 7795K, capacity 8288K, committed 8344K, reserved 1048576K

Card table byte_map: [0x0000000011d50000,0x0000000012060000] byte_map_base: 0x0000000011850000

Marking Bits: (ParMarkBitMap*) 0x000000006c339d00
 Begin Bits: [0x0000000012ee0000, 0x00000000146e0000)
 End Bits:   [0x00000000146e0000, 0x0000000015ee0000)

Polling page: 0x0000000000130000

CodeCache: size=245760Kb used=21671Kb max_used=22636Kb free=224089Kb
 bounds [0x0000000002990000, 0x0000000004010000, 0x0000000011990000]
 total_blobs=6901 nmethods=6138 adapters=675
 compilation: enabled

Compilation events (10 events):
Event: 15.022 Thread 0x0000000056bde000 7042       3       org.gradle.model.internal.core.TypeCompatibilityModelProjectionSupport::<init> (10 bytes)
Event: 15.022 Thread 0x0000000056bde000 nmethod 7042 0x0000000003d82890 code [0x0000000003d829e0, 0x0000000003d82bb0]
Event: 15.022 Thread 0x0000000056bde000 7048       1       groovy.lang.Closure::getOwner (5 bytes)
Event: 15.022 Thread 0x0000000056bde000 nmethod 7048 0x0000000003658390 code [0x00000000036584e0, 0x00000000036585f0]
Event: 15.058 Thread 0x0000000057b74000 nmethod 7026 0x0000000002e45290 code [0x0000000002e45540, 0x0000000002e47a38]
Event: 15.058 Thread 0x0000000057b74000 7051       4       com.google.common.base.Preconditions::checkNotNull (18 bytes)
Event: 15.059 Thread 0x0000000057b74000 nmethod 7051 0x0000000003287790 code [0x00000000032878c0, 0x0000000003287918]
Event: 15.096 Thread 0x0000000056bda000 nmethod 7029% 0x00000000037b6f90 code [0x00000000037b7200, 0x00000000037b87e0]
Event: 15.096 Thread 0x0000000056bdd000 nmethod 7049 0x0000000002c22f90 code [0x0000000002c23160, 0x0000000002c24e58]
Event: 15.221 Thread 0x0000000056bde000 7053       3       org.gradle.api.internal.plugins.DefaultConvention::<init> (66 bytes)

GC Heap History (10 events):
Event: 9.076 GC heap before
{Heap before GC invocations=6 (full 2):
 PSYoungGen      total 284672K, used 263168K [0x00000000e0000000, 0x00000000fe600000, 0x0000000100000000)
  eden space 263168K, 100% used [0x00000000e0000000,0x00000000f0100000,0x00000000f0100000)
  from space 21504K, 0% used [0x00000000f0100000,0x00000000f0100000,0x00000000f1600000)
  to   space 21504K, 0% used [0x00000000fd100000,0x00000000fd100000,0x00000000fe600000)
 ParOldGen       total 223232K, used 24857K [0x00000000a0000000, 0x00000000ada00000, 0x00000000e0000000)
  object space 223232K, 11% used [0x00000000a0000000,0x00000000a1846518,0x00000000ada00000)
 Metaspace       used 52122K, capacity 53514K, committed 53632K, reserved 1095680K
  class space    used 6940K, capacity 7261K, committed 7296K, reserved 1048576K
Event: 9.097 GC heap after
Heap after GC invocations=6 (full 2):
 PSYoungGen      total 469504K, used 21475K [0x00000000e0000000, 0x00000000fe600000, 0x0000000100000000)
  eden space 448000K, 0% used [0x00000000e0000000,0x00000000e0000000,0x00000000fb580000)
  from space 21504K, 99% used [0x00000000fd100000,0x00000000fe5f8fa8,0x00000000fe600000)
  to   space 21504K, 0% used [0x00000000fbc00000,0x00000000fbc00000,0x00000000fd100000)
 ParOldGen       total 223232K, used 28975K [0x00000000a0000000, 0x00000000ada00000, 0x00000000e0000000)
  object space 223232K, 12% used [0x00000000a0000000,0x00000000a1c4bee8,0x00000000ada00000)
 Metaspace       used 52122K, capacity 53514K, committed 53632K, reserved 1095680K
  class space    used 6940K, capacity 7261K, committed 7296K, reserved 1048576K
}
Event: 10.321 GC heap before
{Heap before GC invocations=7 (full 2):
 PSYoungGen      total 469504K, used 159675K [0x00000000e0000000, 0x00000000fe600000, 0x0000000100000000)
  eden space 448000K, 30% used [0x00000000e0000000,0x00000000e86f5f78,0x00000000fb580000)
  from space 21504K, 99% used [0x00000000fd100000,0x00000000fe5f8fa8,0x00000000fe600000)
  to   space 21504K, 0% used [0x00000000fbc00000,0x00000000fbc00000,0x00000000fd100000)
 ParOldGen       total 223232K, used 28975K [0x00000000a0000000, 0x00000000ada00000, 0x00000000e0000000)
  object space 223232K, 12% used [0x00000000a0000000,0x00000000a1c4bee8,0x00000000ada00000)
 Metaspace       used 57160K, capacity 59111K, committed 59160K, reserved 1099776K
  class space    used 7737K, capacity 8216K, committed 8216K, reserved 1048576K
Event: 10.386 GC heap after
Heap after GC invocations=7 (full 2):
 PSYoungGen      total 476160K, used 21502K [0x00000000e0000000, 0x0000000100000000, 0x0000000100000000)
  eden space 454656K, 0% used [0x00000000e0000000,0x00000000e0000000,0x00000000fbc00000)
  from space 21504K, 99% used [0x00000000fbc00000,0x00000000fd0ffb88,0x00000000fd100000)
  to   space 38400K, 0% used [0x00000000fda80000,0x00000000fda80000,0x0000000100000000)
 ParOldGen       total 223232K, used 40727K [0x00000000a0000000, 0x00000000ada00000, 0x00000000e0000000)
  object space 223232K, 18% used [0x00000000a0000000,0x00000000a27c5da8,0x00000000ada00000)
 Metaspace       used 57160K, capacity 59111K, committed 59160K, reserved 1099776K
  class space    used 7737K, capacity 8216K, committed 8216K, reserved 1048576K
}
Event: 10.386 GC heap before
{Heap before GC invocations=8 (full 3):
 PSYoungGen      total 476160K, used 21502K [0x00000000e0000000, 0x0000000100000000, 0x0000000100000000)
  eden space 454656K, 0% used [0x00000000e0000000,0x00000000e0000000,0x00000000fbc00000)
  from space 21504K, 99% used [0x00000000fbc00000,0x00000000fd0ffb88,0x00000000fd100000)
  to   space 38400K, 0% used [0x00000000fda80000,0x00000000fda80000,0x0000000100000000)
 ParOldGen       total 223232K, used 40727K [0x00000000a0000000, 0x00000000ada00000, 0x00000000e0000000)
  object space 223232K, 18% used [0x00000000a0000000,0x00000000a27c5da8,0x00000000ada00000)
 Metaspace       used 57160K, capacity 59111K, committed 59160K, reserved 1099776K
  class space    used 7737K, capacity 8216K, committed 8216K, reserved 1048576K
Event: 10.767 GC heap after
Heap after GC invocations=8 (full 3):
 PSYoungGen      total 476160K, used 0K [0x00000000e0000000, 0x0000000100000000, 0x0000000100000000)
  eden space 454656K, 0% used [0x00000000e0000000,0x00000000e0000000,0x00000000fbc00000)
  from space 21504K, 0% used [0x00000000fbc00000,0x00000000fbc00000,0x00000000fd100000)
  to   space 38400K, 0% used [0x00000000fda80000,0x00000000fda80000,0x0000000100000000)
 ParOldGen       total 303616K, used 46104K [0x00000000a0000000, 0x00000000b2880000, 0x00000000e0000000)
  object space 303616K, 15% used [0x00000000a0000000,0x00000000a2d06100,0x00000000b2880000)
 Metaspace       used 57160K, capacity 59111K, committed 59160K, reserved 1099776K
  class space    used 7737K, capacity 8216K, committed 8216K, reserved 1048576K
}
Event: 10.823 GC heap before
{Heap before GC invocations=9 (full 3):
 PSYoungGen      total 476160K, used 14221K [0x00000000e0000000, 0x0000000100000000, 0x0000000100000000)
  eden space 454656K, 3% used [0x00000000e0000000,0x00000000e0de35c8,0x00000000fbc00000)
  from space 21504K, 0% used [0x00000000fbc00000,0x00000000fbc00000,0x00000000fd100000)
  to   space 38400K, 0% used [0x00000000fda80000,0x00000000fda80000,0x0000000100000000)
 ParOldGen       total 303616K, used 46104K [0x00000000a0000000, 0x00000000b2880000, 0x00000000e0000000)
  object space 303616K, 15% used [0x00000000a0000000,0x00000000a2d06100,0x00000000b2880000)
 Metaspace       used 57433K, capacity 59459K, committed 59544K, reserved 1099776K
  class space    used 7776K, capacity 8265K, committed 8344K, reserved 1048576K
Event: 10.829 GC heap after
Heap after GC invocations=9 (full 3):
 PSYoungGen      total 482816K, used 856K [0x00000000e0000000, 0x0000000100000000, 0x0000000100000000)
  eden space 444416K, 0% used [0x00000000e0000000,0x00000000e0000000,0x00000000fb200000)
  from space 38400K, 2% used [0x00000000fda80000,0x00000000fdb56270,0x0000000100000000)
  to   space 39936K, 0% used [0x00000000fb200000,0x00000000fb200000,0x00000000fd900000)
 ParOldGen       total 303616K, used 46104K [0x00000000a0000000, 0x00000000b2880000, 0x00000000e0000000)
  object space 303616K, 15% used [0x00000000a0000000,0x00000000a2d06100,0x00000000b2880000)
 Metaspace       used 57433K, capacity 59459K, committed 59544K, reserved 1099776K
  class space    used 7776K, capacity 8265K, committed 8344K, reserved 1048576K
}
Event: 10.829 GC heap before
{Heap before GC invocations=10 (full 4):
 PSYoungGen      total 482816K, used 856K [0x00000000e0000000, 0x0000000100000000, 0x0000000100000000)
  eden space 444416K, 0% used [0x00000000e0000000,0x00000000e0000000,0x00000000fb200000)
  from space 38400K, 2% used [0x00000000fda80000,0x00000000fdb56270,0x0000000100000000)
  to   space 39936K, 0% used [0x00000000fb200000,0x00000000fb200000,0x00000000fd900000)
 ParOldGen       total 303616K, used 46104K [0x00000000a0000000, 0x00000000b2880000, 0x00000000e0000000)
  object space 303616K, 15% used [0x00000000a0000000,0x00000000a2d06100,0x00000000b2880000)
 Metaspace       used 57433K, capacity 59459K, committed 59544K, reserved 1099776K
  class space    used 7776K, capacity 8265K, committed 8344K, reserved 1048576K
Event: 11.122 GC heap after
Heap after GC invocations=10 (full 4):
 PSYoungGen      total 482816K, used 0K [0x00000000e0000000, 0x0000000100000000, 0x0000000100000000)
  eden space 444416K, 0% used [0x00000000e0000000,0x00000000e0000000,0x00000000fb200000)
  from space 38400K, 0% used [0x00000000fda80000,0x00000000fda80000,0x0000000100000000)
  to   space 39936K, 0% used [0x00000000fb200000,0x00000000fb200000,0x00000000fd900000)
 ParOldGen       total 303616K, used 43190K [0x00000000a0000000, 0x00000000b2880000, 0x00000000e0000000)
  object space 303616K, 14% used [0x00000000a0000000,0x00000000a2a2d810,0x00000000b2880000)
 Metaspace       used 57433K, capacity 59459K, committed 59544K, reserved 1099776K
  class space    used 7776K, capacity 8265K, committed 8344K, reserved 1048576K
}

Deoptimization events (10 events):
Event: 9.956 Thread 0x000000005ad82800 Uncommon trap: reason=unstable_if action=reinterpret pc=0x0000000003255534 method=java.lang.String.lastIndexOf([CII[CIII)I @ 118
Event: 9.997 Thread 0x000000005ad82800 Uncommon trap: reason=unstable_if action=reinterpret pc=0x0000000003141e68 method=org.codehaus.groovy.util.ReferenceManager$2.afterReferenceCreation(Lorg/codehaus/groovy/util/Reference;)V @ 8
Event: 10.196 Thread 0x000000005ad82800 Uncommon trap: reason=class_check action=maybe_recompile pc=0x000000000308976c method=java.lang.Throwable.<init>(Ljava/lang/String;Ljava/lang/Throwable;)V @ 24
Event: 10.280 Thread 0x000000005ad82800 Uncommon trap: reason=class_check action=maybe_recompile pc=0x000000000308976c method=java.lang.Throwable.<init>(Ljava/lang/String;Ljava/lang/Throwable;)V @ 24
Event: 10.285 Thread 0x000000005ad82800 Uncommon trap: reason=unstable_if action=reinterpret pc=0x0000000003683914 method=java.lang.reflect.Proxy.isProxyClass(Ljava/lang/Class;)Z @ 6
Event: 10.821 Thread 0x000000005ad82800 Uncommon trap: reason=unstable_if action=reinterpret pc=0x0000000003e315b0 method=java.util.TreeMap.put(Ljava/lang/Object;Ljava/lang/Object;)Ljava/lang/Object; @ 90
Event: 11.127 Thread 0x000000005ad29000 Uncommon trap: reason=bimorphic action=maybe_recompile pc=0x0000000002d50d78 method=java.io.DataInputStream.readChar()C @ 4
Event: 11.127 Thread 0x000000005ad29000 Uncommon trap: reason=bimorphic action=maybe_recompile pc=0x0000000002d50d78 method=java.io.DataInputStream.readChar()C @ 4
Event: 11.128 Thread 0x000000005ad29000 Uncommon trap: reason=bimorphic action=maybe_recompile pc=0x0000000002d50d78 method=java.io.DataInputStream.readChar()C @ 4
Event: 11.150 Thread 0x000000005ad80000 Uncommon trap: reason=unstable_if action=reinterpret pc=0x0000000003eae578 method=java.util.concurrent.locks.AbstractQueuedSynchronizer.acquire(I)V @ 5

Internal exceptions (10 events):
Event: 11.132 Thread 0x000000005ad29000 Exception <a 'java/lang/NoSuchMethodError': <clinit>> (0x00000000e0607a88) thrown at [C:\src\android\AOSP-openjdk\external\jetbrains\jdk\hotspot\src\share\vm\prims\jni.cpp, line 1591]
Event: 11.132 Thread 0x000000005ad29000 Exception <a 'java/lang/NoSuchMethodError': <clinit>> (0x00000000e0611600) thrown at [C:\src\android\AOSP-openjdk\external\jetbrains\jdk\hotspot\src\share\vm\prims\jni.cpp, line 1591]
Event: 11.133 Thread 0x000000005ad29000 Exception <a 'java/lang/NoSuchMethodError': <clinit>> (0x00000000e061fe68) thrown at [C:\src\android\AOSP-openjdk\external\jetbrains\jdk\hotspot\src\share\vm\prims\jni.cpp, line 1591]
Event: 11.135 Thread 0x000000005ad29000 Exception <a 'java/lang/NoSuchMethodError': <clinit>> (0x00000000e063f4d0) thrown at [C:\src\android\AOSP-openjdk\external\jetbrains\jdk\hotspot\src\share\vm\prims\jni.cpp, line 1591]
Event: 11.135 Thread 0x000000005ad29000 Exception <a 'java/lang/NoSuchMethodError': <clinit>> (0x00000000e064b6c8) thrown at [C:\src\android\AOSP-openjdk\external\jetbrains\jdk\hotspot\src\share\vm\prims\jni.cpp, line 1591]
Event: 11.153 Thread 0x000000005ad2a000 Exception <a 'java/lang/NoSuchMethodError': <clinit>> (0x00000000e0e87920) thrown at [C:\src\android\AOSP-openjdk\external\jetbrains\jdk\hotspot\src\share\vm\prims\jni.cpp, line 1591]
Event: 14.877 Thread 0x000000005f6d9800 Exception <a 'java/lang/NoSuchMethodError': <clinit>> (0x00000000e1750358) thrown at [C:\src\android\AOSP-openjdk\external\jetbrains\jdk\hotspot\src\share\vm\prims\jni.cpp, line 1591]
Event: 14.882 Thread 0x000000005f6d9800 Exception <a 'java/lang/NoSuchMethodError': <clinit>> (0x00000000e1770760) thrown at [C:\src\android\AOSP-openjdk\external\jetbrains\jdk\hotspot\src\share\vm\prims\jni.cpp, line 1591]
Event: 14.967 Thread 0x000000005ad82800 Exception <a 'java/lang/ClassNotFoundException': asLocalRepo616_4oqvihpx504jj16edstz7seqcBeanInfo> (0x00000000e1c071c8) thrown at [C:\src\android\AOSP-openjdk\external\jetbrains\jdk\hotspot\src\share\vm\classfile\systemDictionary.cpp, line 210]
Event: 14.968 Thread 0x000000005ad82800 Exception <a 'java/lang/ClassNotFoundException': asLocalRepo616_4oqvihpx504jj16edstz7seqcCustomizer> (0x00000000e1c10de8) thrown at [C:\src\android\AOSP-openjdk\external\jetbrains\jdk\hotspot\src\share\vm\classfile\systemDictionary.cpp, line 210]

Events (10 events):
Event: 14.993 loading class groovy/runtime/metaclass/asLocalRepo616_4oqvihpx504jj16edstz7seqc$_run_closure1$_closure2$_closure4$_closure5MetaClass
Event: 14.993 loading class groovy/runtime/metaclass/asLocalRepo616_4oqvihpx504jj16edstz7seqc$_run_closure1$_closure2$_closure4$_closure5MetaClass done
Event: 14.994 loading class asLocalRepo616_4oqvihpx504jj16edstz7seqc$_run_closure1$_closure3
Event: 14.994 loading class asLocalRepo616_4oqvihpx504jj16edstz7seqc$_run_closure1$_closure3 done
Event: 14.995 loading class groovy/runtime/metaclass/asLocalRepo616_4oqvihpx504jj16edstz7seqc$_run_closure1$_closure3MetaClass
Event: 14.995 loading class groovy/runtime/metaclass/asLocalRepo616_4oqvihpx504jj16edstz7seqc$_run_closure1$_closure3MetaClass done
Event: 14.996 loading class asLocalRepo616_4oqvihpx504jj16edstz7seqc$_run_closure1$_closure3$_closure6
Event: 14.996 loading class asLocalRepo616_4oqvihpx504jj16edstz7seqc$_run_closure1$_closure3$_closure6 done
Event: 14.997 loading class groovy/runtime/metaclass/asLocalRepo616_4oqvihpx504jj16edstz7seqc$_run_closure1$_closure3$_closure6MetaClass
Event: 14.997 loading class groovy/runtime/metaclass/asLocalRepo616_4oqvihpx504jj16edstz7seqc$_run_closure1$_closure3$_closure6MetaClass done


Dynamic libraries:
0x000000013f580000 - 0x000000013f5b1000 	C:\Program Files\Android\Android Studio\jre\bin\java.exe
0x0000000077b60000 - 0x0000000077d09000 	C:\Windows\SYSTEM32\ntdll.dll
0x0000000077940000 - 0x0000000077a5f000 	C:\Windows\system32\kernel32.dll
0x000007fefd960000 - 0x000007fefd9cb000 	C:\Windows\system32\KERNELBASE.dll
0x000007fefe6b0000 - 0x000007fefe78b000 	C:\Windows\system32\ADVAPI32.dll
0x000007fefdde0000 - 0x000007fefde7f000 	C:\Windows\system32\msvcrt.dll
0x000007fefdf90000 - 0x000007fefdfaf000 	C:\Windows\SYSTEM32\sechost.dll
0x000007fefe280000 - 0x000007fefe3ad000 	C:\Windows\system32\RPCRT4.dll
0x0000000077a60000 - 0x0000000077b5a000 	C:\Windows\system32\USER32.dll
0x000007fefdcf0000 - 0x000007fefdd57000 	C:\Windows\system32\GDI32.dll
0x000007feffe60000 - 0x000007feffe6e000 	C:\Windows\system32\LPK.dll
0x000007fefe3b0000 - 0x000007fefe479000 	C:\Windows\system32\USP10.dll
0x000007fefbf30000 - 0x000007fefc124000 	C:\Windows\WinSxS\amd64_microsoft.windows.common-controls_6595b64144ccf1df_6.0.7601.17514_none_fa396087175ac9ac\COMCTL32.dll
0x000007fefe870000 - 0x000007fefe8e1000 	C:\Windows\system32\SHLWAPI.dll
0x000007fefead0000 - 0x000007fefeafe000 	C:\Windows\system32\IMM32.DLL
0x000007fefde80000 - 0x000007fefdf89000 	C:\Windows\system32\MSCTF.dll
0x000007fefd850000 - 0x000007fefd882000 	C:\Windows\system32\nvinitx.dll
0x000007fefd840000 - 0x000007fefd84c000 	C:\Windows\system32\VERSION.dll
0x0000000074fc0000 - 0x0000000074fc6000 	C:\Program Files\NVIDIA Corporation\CoProcManager\detoured.dll
0x000007fefa020000 - 0x000007fefa058000 	C:\Program Files\NVIDIA Corporation\CoProcManager\nvd3d9wrapx.dll
0x000007fefe8f0000 - 0x000007fefeac7000 	C:\Windows\system32\SETUPAPI.dll
0x000007fefdb70000 - 0x000007fefdba6000 	C:\Windows\system32\CFGMGR32.dll
0x000007fefe790000 - 0x000007fefe867000 	C:\Windows\system32\OLEAUT32.dll
0x000007fefe070000 - 0x000007fefe273000 	C:\Windows\system32\ole32.dll
0x000007fefdc20000 - 0x000007fefdc3a000 	C:\Windows\system32\DEVOBJ.dll
0x000007fef9ff0000 - 0x000007fefa014000 	C:\Program Files\NVIDIA Corporation\CoProcManager\nvdxgiwrapx.dll
0x0000000075140000 - 0x0000000075212000 	C:\Program Files\Android\Android Studio\jre\jre\bin\msvcr100.dll
0x000000006bb80000 - 0x000000006c3b4000 	C:\Program Files\Android\Android Studio\jre\jre\bin\server\jvm.dll
0x000007fef8cd0000 - 0x000007fef8cd9000 	C:\Windows\system32\WSOCK32.dll
0x000007feffe10000 - 0x000007feffe5d000 	C:\Windows\system32\WS2_32.dll
0x000007fefdce0000 - 0x000007fefdce8000 	C:\Windows\system32\NSI.dll
0x000007fefb660000 - 0x000007fefb69b000 	C:\Windows\system32\WINMM.dll
0x0000000077d20000 - 0x0000000077d27000 	C:\Windows\system32\PSAPI.DLL
0x000007fefb390000 - 0x000007fefb39f000 	C:\Program Files\Android\Android Studio\jre\jre\bin\verify.dll
0x000007feedb70000 - 0x000007feedb99000 	C:\Program Files\Android\Android Studio\jre\jre\bin\java.dll
0x000007fef4d60000 - 0x000007fef4d76000 	C:\Program Files\Android\Android Studio\jre\jre\bin\zip.dll
0x000007fefeb00000 - 0x000007feff888000 	C:\Windows\system32\SHELL32.dll
0x000007fefd920000 - 0x000007fefd92f000 	C:\Windows\system32\profapi.dll
0x000007feef410000 - 0x000007feef42a000 	C:\Program Files\Android\Android Studio\jre\jre\bin\net.dll
0x000007fefd0b0000 - 0x000007fefd105000 	C:\Windows\system32\mswsock.dll
0x000007fefd0a0000 - 0x000007fefd0a7000 	C:\Windows\System32\wship6.dll
0x000007feef340000 - 0x000007feef351000 	C:\Program Files\Android\Android Studio\jre\jre\bin\nio.dll
0x000007feec2d0000 - 0x000007feec2e2000 	C:\Users\Brian Tran\.gradle\native\19\windows-amd64\native-platform.dll
0x000007fefd110000 - 0x000007fefd127000 	C:\Windows\system32\CRYPTSP.dll
0x000007fefce10000 - 0x000007fefce57000 	C:\Windows\system32\rsaenh.dll
0x000007fefdbc0000 - 0x000007fefdbde000 	C:\Windows\system32\USERENV.dll
0x000007fefd770000 - 0x000007fefd77f000 	C:\Windows\system32\CRYPTBASE.dll
0x000007fefae10000 - 0x000007fefae37000 	C:\Windows\system32\IPHLPAPI.DLL
0x000007fefadf0000 - 0x000007fefadfb000 	C:\Windows\system32\WINNSI.DLL
0x000007fefaaa0000 - 0x000007fefaab8000 	C:\Windows\system32\dhcpcsvc.DLL
0x000007fefaa40000 - 0x000007fefaa51000 	C:\Windows\system32\dhcpcsvc6.DLL
0x000007fef92e0000 - 0x000007fef92ed000 	C:\Program Files\Android\Android Studio\jre\jre\bin\management.dll
0x000007fefd710000 - 0x000007fefd767000 	C:\Windows\system32\apphelp.dll
0x000007feed9f0000 - 0x000007feeda14000 	C:\Program Files\Android\Android Studio\jre\jre\bin\sunec.dll
0x000007fefca70000 - 0x000007fefca77000 	C:\Windows\System32\wshtcpip.dll
0x000007fefcf30000 - 0x000007fefcf8b000 	C:\Windows\system32\DNSAPI.dll
0x000007fef7f50000 - 0x000007fef7f58000 	C:\Windows\system32\rasadhlp.dll
0x000007fefac00000 - 0x000007fefac53000 	C:\Windows\System32\fwpuclnt.dll
0x000007fef8d80000 - 0x000007fef8ea5000 	C:\Windows\system32\dbghelp.dll

VM Arguments:
jvm_args: -Xmx1536m -Dfile.encoding=windows-1252 -Duser.country=US -Duser.language=en -Duser.variant 
java_command: org.gradle.launcher.daemon.bootstrap.GradleDaemon 2.14.1
java_class_path (initial): C:\Program Files\Android\Android Studio\gradle\gradle-2.14.1\lib\gradle-launcher-2.14.1.jar
Launcher Type: SUN_STANDARD

Environment Variables:
PATH=C:\ProgramData\Oracle\Java\javapath;C:\Windows\system32;C:\Windows;C:\Windows\System32\Wbem;C:\Windows\System32\WindowsPowerShell\v1.0\;C:\Program Files\ThinkPad\Bluetooth Software\;C:\Program Files\ThinkPad\Bluetooth Software\syswow64;C:\Users\Brian Tran\Downloads\emsdk-1.30.0-portable-64bit;C:\Users\Brian Tran\Downloads\emsdk-1.30.0-portable-64bit\clang\e1.30.0_64bit;C:\Users\Brian Tran\Downloads\emsdk-1.30.0-portable-64bit\node\0.12.2_64bit;C:\Users\Brian Tran\Downloads\emsdk-1.30.0-portable-64bit\emscripten\1.30.0;C:\Program Files (x86)\MySQL\MySQL Fabric 1.5 & MySQL Utilities 1.5\;C:\Program Files (x86)\MySQL\MySQL Fabric 1.5 & MySQL Utilities 1.5\Doctrine extensions for PHP\;C:\Program Files (x86)\OpenVPN\bin;C:\Program Files\Microsoft SQL Server\130\Tools\Binn\;C:\Users\Brian Tran\Documents\UCLA\Fall 2016\CS211\Google Project Fi Project\Android-platform-tools-v24.0.4\;C:\Program Files\Git\cmd;C:\Program Files (x86)\Brackets\command;C:\wamp64\bin\php\php5.6.25;C:\Users\Brian Tran\AppData\Local\Programs\Python\Python36-32\Scripts\;C:\Users\Brian Tran\AppData\Local\Programs\Python\Python36-32\
USERNAME=Brian Tran
OS=Windows_NT
PROCESSOR_IDENTIFIER=Intel64 Family 6 Model 42 Stepping 7, GenuineIntel



---------------  S Y S T E M  ---------------

OS: Windows 7 , 64 bit Build 7601 (6.1.7601.18015)

CPU:total 8 (4 cores per cpu, 2 threads per core) family 6 model 42 stepping 7, cmov, cx8, fxsr, mmx, sse, sse2, sse3, ssse3, sse4.1, sse4.2, popcnt, avx, aes, clmul, ht, tsc, tscinvbit

Memory: 4k page, physical 33434864k(7933260k free), swap 66867864k(37487740k free)

vm_info: OpenJDK 64-Bit Server VM (25.76-b03) for windows-amd64 JRE (1.8.0_76-release-b03), built on Jun 29 2016 19:09:20 by "ralucas" with MS VC++ 10.0 (VS2010)

time: Sat Feb 04 00:49:56 2017
elapsed time: 15 seconds (0d 0h 0m 15s)

